2026-02-03 12:51:44.625 [INFO] MainActivity: App started, Logger initialized
2026-02-03 12:51:48.599 [INFO] MediaPlaybackService: onCreate
2026-02-03 12:51:56.070 [INFO] MediaPlaybackService: Playback state changed: 2
2026-02-03 12:51:56.100 [INFO] MediaPlaybackService: Resolving: zaFGQEIcetM
2026-02-03 12:52:02.913 [INFO] MediaPlaybackService: Resolved zaFGQEIcetM to: https://rr4---sn-npoe7ner.googlevideo.com/videopla...
2026-02-03 12:52:04.932 [INFO] MediaPlaybackService: Playback state changed: 3
2026-02-03 12:52:28.080 [INFO] YouTubeMusicSearchService: Searching for: sta
2026-02-03 12:52:28.585 [INFO] YouTubeMusicSearchService: Searching for: star
2026-02-03 12:52:29.704 [INFO] YouTubeMusicSearchService: Search completed. Found 11 songs
2026-02-03 12:52:29.766 [INFO] YouTubeMusicSearchService: Search completed. Found 11 songs
2026-02-03 12:52:33.777 [INFO] MediaPlaybackService: Playback state changed: 2
2026-02-03 12:52:33.803 [INFO] MediaPlaybackService: Resolving: plnfIj7dkJE
2026-02-03 12:52:39.649 [INFO] MediaPlaybackService: Resolved plnfIj7dkJE to: https://rr3---sn-npoldnes.googlevideo.com/videopla...
2026-02-03 12:52:40.882 [ERROR] MainActivity: Uncaught exception in thread main
java.lang.IllegalArgumentException: Cannot round NaN value.
	at kotlin.math.MathKt__MathJVMKt.roundToInt(MathJVM.kt:1165)
	at androidx.compose.material3.SliderKt$SliderImpl$2$1.measure-3p2s80s(Slider.kt:714)
	at androidx.compose.ui.node.InnerNodeCoordinator.measure-BRTryo0(InnerNodeCoordinator.kt:135)
	at androidx.compose.foundation.layout.PaddingNode.measure-3p2s80s(Padding.kt:414)
	at androidx.compose.ui.node.LayoutModifierNodeCoordinator.measure-BRTryo0(LayoutModifierNodeCoordinator.kt:188)
	at androidx.compose.material3.internal.AccessibilityUtilKt$IncreaseHorizontalSemanticsBounds$1.invoke-3p2s80s(AccessibilityUtil.kt:39)
	at androidx.compose.material3.internal.AccessibilityUtilKt$IncreaseHorizontalSemanticsBounds$1.invoke(AccessibilityUtil.kt:31)
	at androidx.compose.ui.layout.LayoutModifierImpl.measure-3p2s80s(LayoutModifier.kt:294)
	at androidx.compose.ui.node.LayoutModifierNodeCoordinator.measure-BRTryo0(LayoutModifierNodeCoordinator.kt:188)
	at androidx.compose.foundation.layout.SizeNode.measure-3p2s80s(Size.kt:838)
	at androidx.compose.ui.node.LayoutModifierNodeCoordinator.measure-BRTryo0(LayoutModifierNodeCoordinator.kt:188)
	at androidx.compose.material3.MinimumInteractiveModifierNode.measure-3p2s80s(InteractiveComponentSize.kt:82)
	at androidx.compose.ui.node.LayoutModifierNodeCoordinator.measure-BRTryo0(LayoutModifierNodeCoordinator.kt:188)
	at androidx.compose.foundation.layout.FillNode.measure-3p2s80s(Size.kt:699)
	at androidx.compose.ui.node.LayoutModifierNodeCoordinator.measure-BRTryo0(LayoutModifierNodeCoordinator.kt:188)
	at androidx.compose.ui.node.LayoutNodeLayoutDelegate$performMeasureBlock$1.invoke(LayoutNodeLayoutDelegate.kt:316)
	at androidx.compose.ui.node.LayoutNodeLayoutDelegate$performMeasureBlock$1.invoke(LayoutNodeLayoutDelegate.kt:315)
	at androidx.compose.runtime.snapshots.Snapshot$Companion.observe(Snapshot.kt:2441)
	at androidx.compose.runtime.snapshots.SnapshotStateObserver$ObservedScopeMap.observe(SnapshotStateObserver.kt:502)
	at androidx.compose.runtime.snapshots.SnapshotStateObserver.observeReads(SnapshotStateObserver.kt:258)
	at androidx.compose.ui.node.OwnerSnapshotObserver.observeReads$ui_release(OwnerSnapshotObserver.kt:133)
	at androidx.compose.ui.node.OwnerSnapshotObserver.observeMeasureSnapshotReads$ui_release(OwnerSnapshotObserver.kt:113)
	at androidx.compose.ui.node.LayoutNodeLayoutDelegate.performMeasure-BRTryo0(LayoutNodeLayoutDelegate.kt:1782)
	at androidx.compose.ui.node.LayoutNodeLayoutDelegate.access$performMeasure-BRTryo0(LayoutNodeLayoutDelegate.kt:40)
	at androidx.compose.ui.node.LayoutNodeLayoutDelegate$MeasurePassDelegate.remeasure-BRTryo0(LayoutNodeLayoutDelegate.kt:696)
	at androidx.compose.ui.node.LayoutNode.remeasure-_Sx5XlM$ui_release(LayoutNode.kt:1222)
	at androidx.compose.ui.node.LayoutNode.remeasure-_Sx5XlM$ui_release$default(LayoutNode.kt:1213)
	at androidx.compose.ui.node.MeasureAndLayoutDelegate.doRemeasure-sdFAvZA(MeasureAndLayoutDelegate.kt:369)
	at androidx.compose.ui.node.MeasureAndLayoutDelegate.remeasureAndRelayoutIfNeeded(MeasureAndLayoutDelegate.kt:566)
	at androidx.compose.ui.node.MeasureAndLayoutDelegate.remeasureAndRelayoutIfNeeded$default(MeasureAndLayoutDelegate.kt:534)
	at androidx.compose.ui.node.MeasureAndLayoutDelegate.measureAndLayout(MeasureAndLayoutDelegate.kt:390)
	at androidx.compose.ui.platform.AndroidComposeView.measureAndLayout(AndroidComposeView.android.kt:1268)
	at androidx.compose.ui.node.Owner.measureAndLayout$default(Owner.kt:248)
	at androidx.compose.ui.platform.AndroidComposeView.dispatchDraw(AndroidComposeView.android.kt:1556)
	at android.view.View.draw(View.java:24224)
	at android.view.View.updateDisplayListIfDirty(View.java:23036)
	at android.view.ViewGroup.recreateChildDisplayList(ViewGroup.java:4744)
	at android.view.ViewGroup.dispatchGetDisplayList(ViewGroup.java:4717)
	at android.view.View.updateDisplayListIfDirty(View.java:22960)
	at android.view.ViewGroup.recreateChildDisplayList(ViewGroup.java:4744)
	at android.view.ViewGroup.dispatchGetDisplayList(ViewGroup.java:4717)
	at android.view.View.updateDisplayListIfDirty(View.java:22960)
	at android.view.ViewGroup.recreateChildDisplayList(ViewGroup.java:4744)
	at android.view.ViewGroup.dispatchGetDisplayList(ViewGroup.java:4717)
	at android.view.View.updateDisplayListIfDirty(View.java:22960)
	at android.view.ViewGroup.recreateChildDisplayList(ViewGroup.java:4744)
	at android.view.ViewGroup.dispatchGetDisplayList(ViewGroup.java:4717)
	at android.view.View.updateDisplayListIfDirty(View.java:22960)
	at android.view.ThreadedRenderer.updateViewTreeDisplayList(ThreadedRenderer.java:694)
	at android.view.ThreadedRenderer.updateRootDisplayList(ThreadedRenderer.java:700)
	at android.view.ThreadedRenderer.draw(ThreadedRenderer.java:798)
	at android.view.ViewRootImpl.draw(ViewRootImpl.java:5393)
	at android.view.ViewRootImpl.performDraw(ViewRootImpl.java:5065)
	at android.view.ViewRootImpl.performTraversals(ViewRootImpl.java:4194)
	at android.view.ViewRootImpl.doTraversal(ViewRootImpl.java:2772)
	at android.view.ViewRootImpl$TraversalRunnable.run(ViewRootImpl.java:9949)
	at android.view.Choreographer$CallbackRecord.run(Choreographer.java:1401)
	at android.view.Choreographer$CallbackRecord.run(Choreographer.java:1410)
	at android.view.Choreographer.doCallbacks(Choreographer.java:1012)
	at android.view.Choreographer.doFrame(Choreographer.java:942)
	at android.view.Choreographer$FrameDisplayEventReceiver.run(Choreographer.java:1384)
	at android.os.Handler.handleCallback(Handler.java:958)
	at android.os.Handler.dispatchMessage(Handler.java:99)
	at android.os.Looper.loopOnce(Looper.java:205)
	at android.os.Looper.loop(Looper.java:294)
	at android.app.ActivityThread.main(ActivityThread.java:8492)
	at java.lang.reflect.Method.invoke(Native Method)
	at com.android.internal.os.RuntimeInit$MethodAndArgsCaller.run(RuntimeInit.java:640)
	at com.android.internal.os.ZygoteInit.main(ZygoteInit.java:1026)

2026-02-03 12:53:01.306 [INFO] MainActivity: App started, Logger initialized
2026-02-03 12:53:04.766 [INFO] MediaPlaybackService: onCreate
2026-02-03 12:53:10.257 [ERROR] MainActivity: Uncaught exception in thread main
java.lang.IllegalArgumentException: Cannot round NaN value.
	at kotlin.math.MathKt__MathJVMKt.roundToInt(MathJVM.kt:1165)
	at androidx.compose.material3.SliderKt$SliderImpl$2$1.measure-3p2s80s(Slider.kt:714)
	at androidx.compose.ui.node.InnerNodeCoordinator.measure-BRTryo0(InnerNodeCoordinator.kt:135)
	at androidx.compose.foundation.layout.PaddingNode.measure-3p2s80s(Padding.kt:414)
	at androidx.compose.ui.node.LayoutModifierNodeCoordinator.measure-BRTryo0(LayoutModifierNodeCoordinator.kt:188)
	at androidx.compose.material3.internal.AccessibilityUtilKt$IncreaseHorizontalSemanticsBounds$1.invoke-3p2s80s(AccessibilityUtil.kt:39)
	at androidx.compose.material3.internal.AccessibilityUtilKt$IncreaseHorizontalSemanticsBounds$1.invoke(AccessibilityUtil.kt:31)
	at androidx.compose.ui.layout.LayoutModifierImpl.measure-3p2s80s(LayoutModifier.kt:294)
	at androidx.compose.ui.node.LayoutModifierNodeCoordinator.measure-BRTryo0(LayoutModifierNodeCoordinator.kt:188)
	at androidx.compose.foundation.layout.SizeNode.measure-3p2s80s(Size.kt:838)
	at androidx.compose.ui.node.LayoutModifierNodeCoordinator.measure-BRTryo0(LayoutModifierNodeCoordinator.kt:188)
	at androidx.compose.material3.MinimumInteractiveModifierNode.measure-3p2s80s(InteractiveComponentSize.kt:82)
	at androidx.compose.ui.node.LayoutModifierNodeCoordinator.measure-BRTryo0(LayoutModifierNodeCoordinator.kt:188)
	at androidx.compose.foundation.layout.FillNode.measure-3p2s80s(Size.kt:699)
	at androidx.compose.ui.node.LayoutModifierNodeCoordinator.measure-BRTryo0(LayoutModifierNodeCoordinator.kt:188)
	at androidx.compose.ui.node.LayoutNodeLayoutDelegate$performMeasureBlock$1.invoke(LayoutNodeLayoutDelegate.kt:316)
	at androidx.compose.ui.node.LayoutNodeLayoutDelegate$performMeasureBlock$1.invoke(LayoutNodeLayoutDelegate.kt:315)
	at androidx.compose.runtime.snapshots.Snapshot$Companion.observe(Snapshot.kt:503)
	at androidx.compose.runtime.snapshots.SnapshotStateObserver$ObservedScopeMap.observe(SnapshotStateObserver.kt:502)
	at androidx.compose.runtime.snapshots.SnapshotStateObserver.observeReads(SnapshotStateObserver.kt:258)
	at androidx.compose.ui.node.OwnerSnapshotObserver.observeReads$ui_release(OwnerSnapshotObserver.kt:133)
	at androidx.compose.ui.node.OwnerSnapshotObserver.observeMeasureSnapshotReads$ui_release(OwnerSnapshotObserver.kt:113)
	at androidx.compose.ui.node.LayoutNodeLayoutDelegate.performMeasure-BRTryo0(LayoutNodeLayoutDelegate.kt:1782)
	at androidx.compose.ui.node.LayoutNodeLayoutDelegate.access$performMeasure-BRTryo0(LayoutNodeLayoutDelegate.kt:40)
	at androidx.compose.ui.node.LayoutNodeLayoutDelegate$MeasurePassDelegate.remeasure-BRTryo0(LayoutNodeLayoutDelegate.kt:696)
	at androidx.compose.ui.node.LayoutNodeLayoutDelegate$MeasurePassDelegate.measure-BRTryo0(LayoutNodeLayoutDelegate.kt:672)
	at androidx.compose.foundation.layout.RowColumnMeasurePolicyKt.measure(RowColumnMeasurePolicy.kt:119)
	at androidx.compose.foundation.layout.RowColumnMeasurePolicyKt.measure$default(RowColumnMeasurePolicy.kt:74)
	at androidx.compose.foundation.layout.ColumnMeasurePolicy.measure-3p2s80s(Column.kt:208)
	at androidx.compose.ui.node.InnerNodeCoordinator.measure-BRTryo0(InnerNodeCoordinator.kt:135)
	at androidx.compose.foundation.layout.PaddingNode.measure-3p2s80s(Padding.kt:414)
	at androidx.compose.ui.node.LayoutModifierNodeCoordinator.measure-BRTryo0(LayoutModifierNodeCoordinator.kt:188)
	at androidx.compose.ui.node.LayoutNodeLayoutDelegate$performMeasureBlock$1.invoke(LayoutNodeLayoutDelegate.kt:316)
	at androidx.compose.ui.node.LayoutNodeLayoutDelegate$performMeasureBlock$1.invoke(LayoutNodeLayoutDelegate.kt:315)
	at androidx.compose.runtime.snapshots.Snapshot$Companion.observe(Snapshot.kt:2441)
	at androidx.compose.runtime.snapshots.SnapshotStateObserver$ObservedScopeMap.observe(SnapshotStateObserver.kt:502)
	at androidx.compose.runtime.snapshots.SnapshotStateObserver.observeReads(SnapshotStateObserver.kt:258)
	at androidx.compose.ui.node.OwnerSnapshotObserver.observeReads$ui_release(OwnerSnapshotObserver.kt:133)
	at androidx.compose.ui.node.OwnerSnapshotObserver.observeMeasureSnapshotReads$ui_release(OwnerSnapshotObserver.kt:113)
	at androidx.compose.ui.node.LayoutNodeLayoutDelegate.performMeasure-BRTryo0(LayoutNodeLayoutDelegate.kt:1782)
	at androidx.compose.ui.node.LayoutNodeLayoutDelegate.access$performMeasure-BRTryo0(LayoutNodeLayoutDelegate.kt:40)
	at androidx.compose.ui.node.LayoutNodeLayoutDelegate$MeasurePassDelegate.remeasure-BRTryo0(LayoutNodeLayoutDelegate.kt:696)
	at androidx.compose.ui.node.LayoutNode.remeasure-_Sx5XlM$ui_release(LayoutNode.kt:1222)
	at androidx.compose.ui.node.LayoutNode.remeasure-_Sx5XlM$ui_release$default(LayoutNode.kt:1213)
	at androidx.compose.ui.node.MeasureAndLayoutDelegate.doRemeasure-sdFAvZA(MeasureAndLayoutDelegate.kt:369)
	at androidx.compose.ui.node.MeasureAndLayoutDelegate.remeasureAndRelayoutIfNeeded(MeasureAndLayoutDelegate.kt:566)
	at androidx.compose.ui.node.MeasureAndLayoutDelegate.remeasureAndRelayoutIfNeeded$default(MeasureAndLayoutDelegate.kt:534)
	at androidx.compose.ui.node.MeasureAndLayoutDelegate.measureAndLayout(MeasureAndLayoutDelegate.kt:390)
	at androidx.compose.ui.platform.AndroidComposeView.measureAndLayout(AndroidComposeView.android.kt:1268)
	at androidx.compose.ui.node.Owner.measureAndLayout$default(Owner.kt:248)
	at androidx.compose.ui.platform.AndroidComposeView.dispatchDraw(AndroidComposeView.android.kt:1556)
	at android.view.View.draw(View.java:24224)
	at android.view.View.updateDisplayListIfDirty(View.java:23036)
	at android.view.ViewGroup.recreateChildDisplayList(ViewGroup.java:4744)
	at android.view.ViewGroup.dispatchGetDisplayList(ViewGroup.java:4717)
	at android.view.View.updateDisplayListIfDirty(View.java:22960)
	at android.view.ViewGroup.recreateChildDisplayList(ViewGroup.java:4744)
	at android.view.ViewGroup.dispatchGetDisplayList(ViewGroup.java:4717)
	at android.view.View.updateDisplayListIfDirty(View.java:22960)
	at android.view.ViewGroup.recreateChildDisplayList(ViewGroup.java:4744)
	at android.view.ViewGroup.dispatchGetDisplayList(ViewGroup.java:4717)
	at android.view.View.updateDisplayListIfDirty(View.java:22960)
	at android.view.ViewGroup.recreateChildDisplayList(ViewGroup.java:4744)
	at android.view.ViewGroup.dispatchGetDisplayList(ViewGroup.java:4717)
	at android.view.View.updateDisplayListIfDirty(View.java:22960)
	at android.view.ThreadedRenderer.updateViewTreeDisplayList(ThreadedRenderer.java:694)
	at android.view.ThreadedRenderer.updateRootDisplayList(ThreadedRenderer.java:700)
	at android.view.ThreadedRenderer.draw(ThreadedRenderer.java:798)
	at android.view.ViewRootImpl.draw(ViewRootImpl.java:5393)
	at android.view.ViewRootImpl.performDraw(ViewRootImpl.java:5065)
	at android.view.ViewRootImpl.performTraversals(ViewRootImpl.java:4194)
	at android.view.ViewRootImpl.doTraversal(ViewRootImpl.java:2772)
	at android.view.ViewRootImpl$TraversalRunnable.run(ViewRootImpl.java:9949)
	at android.view.Choreographer$CallbackRecord.run(Choreographer.java:1401)
	at android.view.Choreographer$CallbackRecord.run(Choreographer.java:1410)
	at android.view.Choreographer.doCallbacks(Choreographer.java:1012)
	at android.view.Choreographer.doFrame(Choreographer.java:942)
	at android.view.Choreographer$FrameDisplayEventReceiver.run(Choreographer.java:1384)
	at android.os.Handler.handleCallback(Handler.java:958)
	at android.os.Handler.dispatchMessage(Handler.java:99)
	at android.os.Looper.loopOnce(Looper.java:205)
	at android.os.Looper.loop(Looper.java:294)
	at android.app.ActivityThread.main(ActivityThread.java:8492)
	at java.lang.reflect.Method.invoke(Native Method)
	at com.android.internal.os.RuntimeInit$MethodAndArgsCaller.run(RuntimeInit.java:640)
	at com.android.internal.os.ZygoteInit.main(ZygoteInit.java:1026)

2026-02-03 12:55:42.679 [INFO] MainActivity: App started, Logger initialized
2026-02-03 12:55:44.992 [INFO] MediaPlaybackService: onCreate
2026-02-03 12:55:53.965 [ERROR] MainActivity: Uncaught exception in thread main
java.lang.IllegalArgumentException: Cannot round NaN value.
	at kotlin.math.MathKt__MathJVMKt.roundToInt(MathJVM.kt:1165)
	at androidx.compose.material3.SliderKt$SliderImpl$2$1.measure-3p2s80s(Slider.kt:714)
	at androidx.compose.ui.node.InnerNodeCoordinator.measure-BRTryo0(InnerNodeCoordinator.kt:135)
	at androidx.compose.foundation.layout.PaddingNode.measure-3p2s80s(Padding.kt:414)
	at androidx.compose.ui.node.LayoutModifierNodeCoordinator.measure-BRTryo0(LayoutModifierNodeCoordinator.kt:188)
	at androidx.compose.material3.internal.AccessibilityUtilKt$IncreaseHorizontalSemanticsBounds$1.invoke-3p2s80s(AccessibilityUtil.kt:39)
	at androidx.compose.material3.internal.AccessibilityUtilKt$IncreaseHorizontalSemanticsBounds$1.invoke(AccessibilityUtil.kt:31)
	at androidx.compose.ui.layout.LayoutModifierImpl.measure-3p2s80s(LayoutModifier.kt:294)
	at androidx.compose.ui.node.LayoutModifierNodeCoordinator.measure-BRTryo0(LayoutModifierNodeCoordinator.kt:188)
	at androidx.compose.foundation.layout.SizeNode.measure-3p2s80s(Size.kt:838)
	at androidx.compose.ui.node.LayoutModifierNodeCoordinator.measure-BRTryo0(LayoutModifierNodeCoordinator.kt:188)
	at androidx.compose.material3.MinimumInteractiveModifierNode.measure-3p2s80s(InteractiveComponentSize.kt:82)
	at androidx.compose.ui.node.LayoutModifierNodeCoordinator.measure-BRTryo0(LayoutModifierNodeCoordinator.kt:188)
	at androidx.compose.foundation.layout.FillNode.measure-3p2s80s(Size.kt:699)
	at androidx.compose.ui.node.LayoutModifierNodeCoordinator.measure-BRTryo0(LayoutModifierNodeCoordinator.kt:188)
	at androidx.compose.ui.node.LayoutNodeLayoutDelegate$performMeasureBlock$1.invoke(LayoutNodeLayoutDelegate.kt:316)
	at androidx.compose.ui.node.LayoutNodeLayoutDelegate$performMeasureBlock$1.invoke(LayoutNodeLayoutDelegate.kt:315)
	at androidx.compose.runtime.snapshots.Snapshot$Companion.observe(Snapshot.kt:503)
	at androidx.compose.runtime.snapshots.SnapshotStateObserver$ObservedScopeMap.observe(SnapshotStateObserver.kt:502)
	at androidx.compose.runtime.snapshots.SnapshotStateObserver.observeReads(SnapshotStateObserver.kt:258)
	at androidx.compose.ui.node.OwnerSnapshotObserver.observeReads$ui_release(OwnerSnapshotObserver.kt:133)
	at androidx.compose.ui.node.OwnerSnapshotObserver.observeMeasureSnapshotReads$ui_release(OwnerSnapshotObserver.kt:113)
	at androidx.compose.ui.node.LayoutNodeLayoutDelegate.performMeasure-BRTryo0(LayoutNodeLayoutDelegate.kt:1782)
	at androidx.compose.ui.node.LayoutNodeLayoutDelegate.access$performMeasure-BRTryo0(LayoutNodeLayoutDelegate.kt:40)
	at androidx.compose.ui.node.LayoutNodeLayoutDelegate$MeasurePassDelegate.remeasure-BRTryo0(LayoutNodeLayoutDelegate.kt:696)
	at androidx.compose.ui.node.LayoutNodeLayoutDelegate$MeasurePassDelegate.measure-BRTryo0(LayoutNodeLayoutDelegate.kt:672)
	at androidx.compose.foundation.layout.RowColumnMeasurePolicyKt.measure(RowColumnMeasurePolicy.kt:119)
	at androidx.compose.foundation.layout.RowColumnMeasurePolicyKt.measure$default(RowColumnMeasurePolicy.kt:74)
	at androidx.compose.foundation.layout.ColumnMeasurePolicy.measure-3p2s80s(Column.kt:208)
	at androidx.compose.ui.node.InnerNodeCoordinator.measure-BRTryo0(InnerNodeCoordinator.kt:135)
	at androidx.compose.foundation.layout.PaddingNode.measure-3p2s80s(Padding.kt:414)
	at androidx.compose.ui.node.LayoutModifierNodeCoordinator.measure-BRTryo0(LayoutModifierNodeCoordinator.kt:188)
	at androidx.compose.ui.node.LayoutNodeLayoutDelegate$performMeasureBlock$1.invoke(LayoutNodeLayoutDelegate.kt:316)
	at androidx.compose.ui.node.LayoutNodeLayoutDelegate$performMeasureBlock$1.invoke(LayoutNodeLayoutDelegate.kt:315)
	at androidx.compose.runtime.snapshots.Snapshot$Companion.observe(Snapshot.kt:2441)
	at androidx.compose.runtime.snapshots.SnapshotStateObserver$ObservedScopeMap.observe(SnapshotStateObserver.kt:502)
	at androidx.compose.runtime.snapshots.SnapshotStateObserver.observeReads(SnapshotStateObserver.kt:258)
	at androidx.compose.ui.node.OwnerSnapshotObserver.observeReads$ui_release(OwnerSnapshotObserver.kt:133)
	at androidx.compose.ui.node.OwnerSnapshotObserver.observeMeasureSnapshotReads$ui_release(OwnerSnapshotObserver.kt:113)
	at androidx.compose.ui.node.LayoutNodeLayoutDelegate.performMeasure-BRTryo0(LayoutNodeLayoutDelegate.kt:1782)
	at androidx.compose.ui.node.LayoutNodeLayoutDelegate.access$performMeasure-BRTryo0(LayoutNodeLayoutDelegate.kt:40)
	at androidx.compose.ui.node.LayoutNodeLayoutDelegate$MeasurePassDelegate.remeasure-BRTryo0(LayoutNodeLayoutDelegate.kt:696)
	at androidx.compose.ui.node.LayoutNode.remeasure-_Sx5XlM$ui_release(LayoutNode.kt:1222)
	at androidx.compose.ui.node.LayoutNode.remeasure-_Sx5XlM$ui_release$default(LayoutNode.kt:1213)
	at androidx.compose.ui.node.MeasureAndLayoutDelegate.doRemeasure-sdFAvZA(MeasureAndLayoutDelegate.kt:369)
	at androidx.compose.ui.node.MeasureAndLayoutDelegate.remeasureAndRelayoutIfNeeded(MeasureAndLayoutDelegate.kt:566)
	at androidx.compose.ui.node.MeasureAndLayoutDelegate.remeasureAndRelayoutIfNeeded$default(MeasureAndLayoutDelegate.kt:534)
	at androidx.compose.ui.node.MeasureAndLayoutDelegate.measureAndLayout(MeasureAndLayoutDelegate.kt:390)
	at androidx.compose.ui.platform.AndroidComposeView.measureAndLayout(AndroidComposeView.android.kt:1268)
	at androidx.compose.ui.node.Owner.measureAndLayout$default(Owner.kt:248)
	at androidx.compose.ui.platform.AndroidComposeView.dispatchDraw(AndroidComposeView.android.kt:1556)
	at android.view.View.draw(View.java:24224)
	at android.view.View.updateDisplayListIfDirty(View.java:23036)
	at android.view.ViewGroup.recreateChildDisplayList(ViewGroup.java:4744)
	at android.view.ViewGroup.dispatchGetDisplayList(ViewGroup.java:4717)
	at android.view.View.updateDisplayListIfDirty(View.java:22960)
	at android.view.ViewGroup.recreateChildDisplayList(ViewGroup.java:4744)
	at android.view.ViewGroup.dispatchGetDisplayList(ViewGroup.java:4717)
	at android.view.View.updateDisplayListIfDirty(View.java:22960)
	at android.view.ViewGroup.recreateChildDisplayList(ViewGroup.java:4744)
	at android.view.ViewGroup.dispatchGetDisplayList(ViewGroup.java:4717)
	at android.view.View.updateDisplayListIfDirty(View.java:22960)
	at android.view.ViewGroup.recreateChildDisplayList(ViewGroup.java:4744)
	at android.view.ViewGroup.dispatchGetDisplayList(ViewGroup.java:4717)
	at android.view.View.updateDisplayListIfDirty(View.java:22960)
	at android.view.ThreadedRenderer.updateViewTreeDisplayList(ThreadedRenderer.java:694)
	at android.view.ThreadedRenderer.updateRootDisplayList(ThreadedRenderer.java:700)
	at android.view.ThreadedRenderer.draw(ThreadedRenderer.java:798)
	at android.view.ViewRootImpl.draw(ViewRootImpl.java:5393)
	at android.view.ViewRootImpl.performDraw(ViewRootImpl.java:5065)
	at android.view.ViewRootImpl.performTraversals(ViewRootImpl.java:4194)
	at android.view.ViewRootImpl.doTraversal(ViewRootImpl.java:2772)
	at android.view.ViewRootImpl$TraversalRunnable.run(ViewRootImpl.java:9949)
	at android.view.Choreographer$CallbackRecord.run(Choreographer.java:1401)
	at android.view.Choreographer$CallbackRecord.run(Choreographer.java:1410)
	at android.view.Choreographer.doCallbacks(Choreographer.java:1012)
	at android.view.Choreographer.doFrame(Choreographer.java:942)
	at android.view.Choreographer$FrameDisplayEventReceiver.run(Choreographer.java:1384)
	at android.os.Handler.handleCallback(Handler.java:958)
	at android.os.Handler.dispatchMessage(Handler.java:99)
	at android.os.Looper.loopOnce(Looper.java:205)
	at android.os.Looper.loop(Looper.java:294)
	at android.app.ActivityThread.main(ActivityThread.java:8492)
	at java.lang.reflect.Method.invoke(Native Method)
	at com.android.internal.os.RuntimeInit$MethodAndArgsCaller.run(RuntimeInit.java:640)
	at com.android.internal.os.ZygoteInit.main(ZygoteInit.java:1026)

2026-02-03 12:56:01.673 [INFO] MainActivity: App started, Logger initialized
2026-02-03 12:56:03.911 [INFO] MediaPlaybackService: onCreate
2026-02-03 12:56:14.873 [INFO] YouTubeMusicSearchService: Searching for: Itn
2026-02-03 12:56:15.027 [INFO] YouTubeMusicSearchService: Searching for: Itna
2026-02-03 12:56:15.186 [INFO] YouTubeMusicSearchService: Searching for: Itna 
2026-02-03 12:56:15.384 [INFO] YouTubeMusicSearchService: Searching for: Itna n
2026-02-03 12:56:15.529 [INFO] YouTubeMusicSearchService: Searching for: Itna na
2026-02-03 12:56:15.683 [INFO] YouTubeMusicSearchService: Searching for: Itna nah
2026-02-03 12:56:17.314 [INFO] YouTubeMusicSearchService: Search completed. Found 12 songs
2026-02-03 12:56:19.211 [INFO] YouTubeMusicSearchService: Search completed. Found 11 songs
2026-02-03 12:56:19.233 [INFO] YouTubeMusicSearchService: Search completed. Found 11 songs
2026-02-03 12:56:21.020 [INFO] YouTubeMusicSearchService: Search completed. Found 11 songs
2026-02-03 12:56:21.039 [INFO] YouTubeMusicSearchService: Search completed. Found 11 songs
2026-02-03 12:56:21.055 [INFO] YouTubeMusicSearchService: Search completed. Found 11 songs
2026-02-03 12:56:21.247 [INFO] MediaPlaybackService: Playback state changed: 2
2026-02-03 12:56:21.279 [INFO] MediaPlaybackService: Resolving: pYnZy7Zv8gU
2026-02-03 12:56:27.811 [INFO] MediaPlaybackService: Resolved pYnZy7Zv8gU to: https://rr3---sn-npoeener.googlevideo.com/videopla...
2026-02-03 12:56:29.632 [INFO] MediaPlaybackService: Playback state changed: 3
2026-02-03 12:56:34.506 [ERROR] MainActivity: Uncaught exception in thread main
java.lang.IllegalArgumentException: Cannot round NaN value.
	at kotlin.math.MathKt__MathJVMKt.roundToInt(MathJVM.kt:1165)
	at androidx.compose.material3.SliderKt$SliderImpl$2$1.measure-3p2s80s(Slider.kt:714)
	at androidx.compose.ui.node.InnerNodeCoordinator.measure-BRTryo0(InnerNodeCoordinator.kt:135)
	at androidx.compose.foundation.layout.PaddingNode.measure-3p2s80s(Padding.kt:414)
	at androidx.compose.ui.node.LayoutModifierNodeCoordinator.measure-BRTryo0(LayoutModifierNodeCoordinator.kt:188)
	at androidx.compose.material3.internal.AccessibilityUtilKt$IncreaseHorizontalSemanticsBounds$1.invoke-3p2s80s(AccessibilityUtil.kt:39)
	at androidx.compose.material3.internal.AccessibilityUtilKt$IncreaseHorizontalSemanticsBounds$1.invoke(AccessibilityUtil.kt:31)
	at androidx.compose.ui.layout.LayoutModifierImpl.measure-3p2s80s(LayoutModifier.kt:294)
	at androidx.compose.ui.node.LayoutModifierNodeCoordinator.measure-BRTryo0(LayoutModifierNodeCoordinator.kt:188)
	at androidx.compose.foundation.layout.SizeNode.measure-3p2s80s(Size.kt:838)
	at androidx.compose.ui.node.LayoutModifierNodeCoordinator.measure-BRTryo0(LayoutModifierNodeCoordinator.kt:188)
	at androidx.compose.material3.MinimumInteractiveModifierNode.measure-3p2s80s(InteractiveComponentSize.kt:82)
	at androidx.compose.ui.node.LayoutModifierNodeCoordinator.measure-BRTryo0(LayoutModifierNodeCoordinator.kt:188)
	at androidx.compose.foundation.layout.FillNode.measure-3p2s80s(Size.kt:699)
	at androidx.compose.ui.node.LayoutModifierNodeCoordinator.measure-BRTryo0(LayoutModifierNodeCoordinator.kt:188)
	at androidx.compose.ui.node.LayoutNodeLayoutDelegate$performMeasureBlock$1.invoke(LayoutNodeLayoutDelegate.kt:316)
	at androidx.compose.ui.node.LayoutNodeLayoutDelegate$performMeasureBlock$1.invoke(LayoutNodeLayoutDelegate.kt:315)
	at androidx.compose.runtime.snapshots.Snapshot$Companion.observe(Snapshot.kt:2441)
	at androidx.compose.runtime.snapshots.SnapshotStateObserver$ObservedScopeMap.observe(SnapshotStateObserver.kt:502)
	at androidx.compose.runtime.snapshots.SnapshotStateObserver.observeReads(SnapshotStateObserver.kt:258)
	at androidx.compose.ui.node.OwnerSnapshotObserver.observeReads$ui_release(OwnerSnapshotObserver.kt:133)
	at androidx.compose.ui.node.OwnerSnapshotObserver.observeMeasureSnapshotReads$ui_release(OwnerSnapshotObserver.kt:113)
	at androidx.compose.ui.node.LayoutNodeLayoutDelegate.performMeasure-BRTryo0(LayoutNodeLayoutDelegate.kt:1782)
	at androidx.compose.ui.node.LayoutNodeLayoutDelegate.access$performMeasure-BRTryo0(LayoutNodeLayoutDelegate.kt:40)
	at androidx.compose.ui.node.LayoutNodeLayoutDelegate$MeasurePassDelegate.remeasure-BRTryo0(LayoutNodeLayoutDelegate.kt:696)
	at androidx.compose.ui.node.LayoutNode.remeasure-_Sx5XlM$ui_release(LayoutNode.kt:1222)
	at androidx.compose.ui.node.LayoutNode.remeasure-_Sx5XlM$ui_release$default(LayoutNode.kt:1213)
	at androidx.compose.ui.node.MeasureAndLayoutDelegate.doRemeasure-sdFAvZA(MeasureAndLayoutDelegate.kt:369)
	at androidx.compose.ui.node.MeasureAndLayoutDelegate.remeasureAndRelayoutIfNeeded(MeasureAndLayoutDelegate.kt:566)
	at androidx.compose.ui.node.MeasureAndLayoutDelegate.remeasureAndRelayoutIfNeeded$default(MeasureAndLayoutDelegate.kt:534)
	at androidx.compose.ui.node.MeasureAndLayoutDelegate.measureAndLayout(MeasureAndLayoutDelegate.kt:390)
	at androidx.compose.ui.platform.AndroidComposeView.measureAndLayout(AndroidComposeView.android.kt:1268)
	at androidx.compose.ui.node.Owner.measureAndLayout$default(Owner.kt:248)
	at androidx.compose.ui.platform.AndroidComposeView.dispatchDraw(AndroidComposeView.android.kt:1556)
	at android.view.View.draw(View.java:24224)
	at android.view.View.updateDisplayListIfDirty(View.java:23036)
	at android.view.ViewGroup.recreateChildDisplayList(ViewGroup.java:4744)
	at android.view.ViewGroup.dispatchGetDisplayList(ViewGroup.java:4717)
	at android.view.View.updateDisplayListIfDirty(View.java:22960)
	at android.view.ViewGroup.recreateChildDisplayList(ViewGroup.java:4744)
	at android.view.ViewGroup.dispatchGetDisplayList(ViewGroup.java:4717)
	at android.view.View.updateDisplayListIfDirty(View.java:22960)
	at android.view.ViewGroup.recreateChildDisplayList(ViewGroup.java:4744)
	at android.view.ViewGroup.dispatchGetDisplayList(ViewGroup.java:4717)
	at android.view.View.updateDisplayListIfDirty(View.java:22960)
	at android.view.ViewGroup.recreateChildDisplayList(ViewGroup.java:4744)
	at android.view.ViewGroup.dispatchGetDisplayList(ViewGroup.java:4717)
	at android.view.View.updateDisplayListIfDirty(View.java:22960)
	at android.view.ThreadedRenderer.updateViewTreeDisplayList(ThreadedRenderer.java:694)
	at android.view.ThreadedRenderer.updateRootDisplayList(ThreadedRenderer.java:700)
	at android.view.ThreadedRenderer.draw(ThreadedRenderer.java:798)
	at android.view.ViewRootImpl.draw(ViewRootImpl.java:5393)
	at android.view.ViewRootImpl.performDraw(ViewRootImpl.java:5065)
	at android.view.ViewRootImpl.performTraversals(ViewRootImpl.java:4194)
	at android.view.ViewRootImpl.doTraversal(ViewRootImpl.java:2772)
	at android.view.ViewRootImpl$TraversalRunnable.run(ViewRootImpl.java:9949)
	at android.view.Choreographer$CallbackRecord.run(Choreographer.java:1401)
	at android.view.Choreographer$CallbackRecord.run(Choreographer.java:1410)
	at android.view.Choreographer.doCallbacks(Choreographer.java:1012)
	at android.view.Choreographer.doFrame(Choreographer.java:942)
	at android.view.Choreographer$FrameDisplayEventReceiver.run(Choreographer.java:1384)
	at android.os.Handler.handleCallback(Handler.java:958)
	at android.os.Handler.dispatchMessage(Handler.java:99)
	at android.os.Looper.loopOnce(Looper.java:205)
	at android.os.Looper.loop(Looper.java:294)
	at android.app.ActivityThread.main(ActivityThread.java:8492)
	at java.lang.reflect.Method.invoke(Native Method)
	at com.android.internal.os.RuntimeInit$MethodAndArgsCaller.run(RuntimeInit.java:640)
	at com.android.internal.os.ZygoteInit.main(ZygoteInit.java:1026)

2026-02-03 12:56:56.149 [INFO] MainActivity: App started, Logger initialized
2026-02-03 12:56:56.501 [INFO] MediaPlaybackService: onCreate
2026-02-03 12:57:08.876 [INFO] YouTubeMusicSearchService: Searching for: maj
2026-02-03 12:57:09.087 [INFO] YouTubeMusicSearchService: Searching for: majb
2026-02-03 12:57:09.279 [INFO] YouTubeMusicSearchService: Searching for: majbo
2026-02-03 12:57:09.417 [INFO] YouTubeMusicSearchService: Searching for: majboo
2026-02-03 12:57:10.399 [INFO] YouTubeMusicSearchService: Search completed. Found 10 songs
2026-02-03 12:57:10.399 [INFO] YouTubeMusicSearchService: Search completed. Found 9 songs
2026-02-03 12:57:10.473 [INFO] YouTubeMusicSearchService: Search completed. Found 14 songs
2026-02-03 12:57:10.485 [INFO] YouTubeMusicSearchService: Search completed. Found 14 songs
2026-02-03 12:57:10.804 [INFO] YouTubeMusicSearchService: Searching for: majboor
2026-02-03 12:57:12.086 [INFO] YouTubeMusicSearchService: Search completed. Found 12 songs
2026-02-03 12:57:13.462 [INFO] MediaPlaybackService: Playback state changed: 2
2026-02-03 12:57:13.487 [INFO] MediaPlaybackService: Resolving: zaFGQEIcetM
2026-02-03 12:57:19.349 [INFO] MediaPlaybackService: Resolved zaFGQEIcetM to: https://rr4---sn-npoe7ner.googlevideo.com/videopla...
2026-02-03 12:57:21.145 [INFO] MediaPlaybackService: Playback state changed: 3
2026-02-03 12:57:26.718 [INFO] MediaPlaybackService: Playback state changed: 2
2026-02-03 12:57:26.778 [INFO] MediaPlaybackService: Playback state changed: 3
2026-02-03 12:57:29.889 [INFO] MediaPlaybackService: Playback state changed: 2
2026-02-03 12:57:30.146 [INFO] MediaPlaybackService: Using cached URL for zaFGQEIcetM
2026-02-03 12:57:30.772 [INFO] MediaPlaybackService: Playback state changed: 3
2026-02-03 12:57:35.537 [INFO] MediaPlaybackService: Playback state changed: 2
2026-02-03 12:57:35.579 [INFO] MediaPlaybackService: Playback state changed: 3
2026-02-03 12:57:42.423 [INFO] MediaPlaybackService: Playback state changed: 2
2026-02-03 12:57:42.434 [INFO] MediaPlaybackService: Using cached URL for zaFGQEIcetM
2026-02-03 12:57:42.658 [INFO] MediaPlaybackService: Playback state changed: 3
2026-02-03 12:57:48.176 [INFO] MediaPlaybackService: Playback state changed: 2
2026-02-03 12:57:48.217 [INFO] MediaPlaybackService: Playback state changed: 3
2026-02-03 12:57:49.365 [INFO] MediaPlaybackService: Playback state changed: 2
2026-02-03 12:57:49.401 [INFO] MediaPlaybackService: Using cached URL for zaFGQEIcetM
2026-02-03 12:57:49.611 [INFO] MediaPlaybackService: Playback state changed: 3
2026-02-03 12:58:09.358 [INFO] MediaPlaybackService: Playback state changed: 2
2026-02-03 12:58:09.396 [INFO] MediaPlaybackService: Playback state changed: 3
2026-02-03 12:58:40.243 [INFO] MediaPlaybackService: Playback state changed: 2
2026-02-03 12:58:40.284 [INFO] MediaPlaybackService: Playback state changed: 3
2026-02-03 12:58:41.781 [INFO] MediaPlaybackService: Playback state changed: 2
2026-02-03 12:58:41.821 [INFO] MediaPlaybackService: Playback state changed: 3
